<?xml version="1.0" encoding="UTF-8"?>
<testsuite failures="1" errors="0" skipped="0" tests="1" time="0.004569" name="Calculator intentional failures">
<testcase classname="Calculator intentional failures" name="Intentional failure for report verification" time="0.004569">
  <failure message="failed Intentional failure for report verification" type="failed">
    <![CDATA[Scenario: Intentional failure for report verification

Then the total should be 999

Message:
]]>
    <![CDATA[Expected 999, got 2 (RuntimeError)
./features/step_definitions/calculator_steps.rb:12:in `nil'
features/calculator_failures.feature:9:in `the total should be 999']]>
  </failure>
  <system-out>
    <![CDATA[]]>
  </system-out>
  <system-err>
    <![CDATA[]]>
  </system-err>
</testcase>
</testsuite>
