<?xml version="1.0" encoding="UTF-8"?>
<testsuite failures="0" errors="0" skipped="0" tests="4" time="0.025986" name="Calculator">
<testcase classname="Calculator" name="Add two numbers" time="0.006898">
  <system-out>
    <![CDATA[]]>
  </system-out>
  <system-err>
    <![CDATA[]]>
  </system-err>
</testcase>
<testcase classname="Calculator" name="Keep total unchanged when adding zero" time="0.006309">
  <system-out>
    <![CDATA[]]>
  </system-out>
  <system-err>
    <![CDATA[]]>
  </system-err>
</testcase>
<testcase classname="Calculator" name="Add a negative number" time="0.006604">
  <system-out>
    <![CDATA[]]>
  </system-out>
  <system-err>
    <![CDATA[]]>
  </system-err>
</testcase>
<testcase classname="Calculator" name="Add several numbers from a non-zero start" time="0.006174">
  <system-out>
    <![CDATA[]]>
  </system-out>
  <system-err>
    <![CDATA[]]>
  </system-err>
</testcase>
</testsuite>
